<?xml version="1.0" encoding="UTF-8"?>
<!-- Generated by org.testng.reporters.JUnitXMLReporter -->
<testsuite hostname="XAV-101001199" ignored="2" name="Default test" tests="1" failures="0" timestamp="28 Nov 2019 14:24:07 GMT" time="15.077" errors="0">
  <testcase name="hotelBookingTest" time="14.834" classname="testvagrant.codinground.tests.SignInTest"/>
  <testcase name="flightBookingTest" time="0.0" classname="testvagrant.codinground.tests.SignInTest">
    <ignored/>
  </testcase> <!-- flightBookingTest -->
  <testcase name="userSignInTest" time="0.0" classname="testvagrant.codinground.tests.SignInTest">
    <ignored/>
  </testcase> <!-- userSignInTest -->
</testsuite> <!-- Default test -->
